生成启动时间为 2020/7/18 15:22:36。
     1>项目“C:\Users\lenovo\Desktop\冲冲冲\图像拼接\ImageStiching\ImageStiching\ImageStiching.vcxproj”在节点 2 上(Build 个目标)。
     1>ClCompile:
         D:\Program Files (x86)\Microsoft Visual Studio 14.0\VC\bin\x86_amd64\CL.exe /c /ZI /nologo /W3 /WX- /sdl /Od /D _DEBUG /D _CONSOLE /D _UNICODE /D UNICODE /Gm /EHsc /RTC1 /MDd /GS /fp:precise /Zc:wchar_t /Zc:forScope /Zc:inline /Fo"x64\Debug\\" /Fd"x64\Debug\vc140.pdb" /Gd /TP /errorReport:prompt ImageStitch.cpp main.cpp
         main.cpp
         ImageStitch.cpp
     1>c:\users\lenovo\desktop\冲冲冲\图像拼接\imagestiching\imagestiching\imagestitch.cpp(80): warning C4267: “return”: 从“size_t”转换到“int”，可能丢失数据
     1>c:\users\lenovo\desktop\冲冲冲\图像拼接\imagestiching\imagestiching\imagestitch.cpp(111): warning C4244: “=”: 从“double”转换到“float”，可能丢失数据
     1>c:\users\lenovo\desktop\冲冲冲\图像拼接\imagestiching\imagestiching\imagestitch.cpp(112): warning C4244: “=”: 从“double”转换到“float”，可能丢失数据
     1>c:\users\lenovo\desktop\冲冲冲\图像拼接\imagestiching\imagestiching\imagestitch.cpp(121): warning C4244: “=”: 从“double”转换到“float”，可能丢失数据
     1>c:\users\lenovo\desktop\冲冲冲\图像拼接\imagestiching\imagestiching\imagestitch.cpp(122): warning C4244: “=”: 从“double”转换到“float”，可能丢失数据
     1>c:\users\lenovo\desktop\冲冲冲\图像拼接\imagestiching\imagestiching\imagestitch.cpp(131): warning C4244: “=”: 从“double”转换到“float”，可能丢失数据
     1>c:\users\lenovo\desktop\冲冲冲\图像拼接\imagestiching\imagestiching\imagestitch.cpp(132): warning C4244: “=”: 从“double”转换到“float”，可能丢失数据
     1>c:\users\lenovo\desktop\冲冲冲\图像拼接\imagestiching\imagestiching\imagestitch.cpp(141): warning C4244: “=”: 从“double”转换到“float”，可能丢失数据
     1>c:\users\lenovo\desktop\冲冲冲\图像拼接\imagestiching\imagestiching\imagestitch.cpp(142): warning C4244: “=”: 从“double”转换到“float”，可能丢失数据
     1>c:\users\lenovo\desktop\冲冲冲\图像拼接\imagestiching\imagestiching\imagestitch.cpp(154): warning C4244: “初始化”: 从“float”转换到“int”，可能丢失数据
     1>c:\users\lenovo\desktop\冲冲冲\图像拼接\imagestiching\imagestiching\imagestitch.cpp(177): warning C4244: “=”: 从“double”转换到“uchar”，可能丢失数据
     1>c:\users\lenovo\desktop\冲冲冲\图像拼接\imagestiching\imagestiching\imagestitch.cpp(178): warning C4244: “=”: 从“double”转换到“uchar”，可能丢失数据
     1>c:\users\lenovo\desktop\冲冲冲\图像拼接\imagestiching\imagestiching\imagestitch.cpp(179): warning C4244: “=”: 从“double”转换到“uchar”，可能丢失数据
     1>c:\users\lenovo\desktop\冲冲冲\图像拼接\imagestiching\imagestiching\imagestitch.cpp(204): warning C4244: “参数”: 从“float”转换到“int”，可能丢失数据
         正在生成代码...
       Link:
         D:\Program Files (x86)\Microsoft Visual Studio 14.0\VC\bin\x86_amd64\link.exe /ERRORREPORT:PROMPT /OUT:"C:\Users\lenovo\Desktop\冲冲冲\图像拼接\ImageStiching\x64\Debug\ImageStiching.exe" /INCREMENTAL /NOLOGO opencv_world340d.lib kernel32.lib user32.lib gdi32.lib winspool.lib comdlg32.lib advapi32.lib shell32.lib ole32.lib oleaut32.lib uuid.lib odbc32.lib odbccp32.lib /MANIFEST /MANIFESTUAC:"level='asInvoker' uiAccess='false'" /manifest:embed /Debug /PDB:"C:\Users\lenovo\Desktop\冲冲冲\图像拼接\ImageStiching\x64\Debug\ImageStiching.pdb" /SUBSYSTEM:CONSOLE /TLBID:1 /DYNAMICBASE /NXCOMPAT /IMPLIB:"C:\Users\lenovo\Desktop\冲冲冲\图像拼接\ImageStiching\x64\Debug\ImageStiching.lib" /MACHINE:X64 x64\Debug\ImageStitch.obj
         x64\Debug\main.obj
         ImageStiching.vcxproj -> C:\Users\lenovo\Desktop\冲冲冲\图像拼接\ImageStiching\x64\Debug\ImageStiching.exe
     1>已完成生成项目“C:\Users\lenovo\Desktop\冲冲冲\图像拼接\ImageStiching\ImageStiching\ImageStiching.vcxproj”(Build 个目标)的操作。

已成功生成。

已用时间 00:00:04.38
